Performing C SOURCE FILE Test CMAKE_HAVE_LIBC_PTHREAD failed with the following output:
Change Dir: /home/samuel/software/GitHub/g4-tutorials/build/CMakeFiles/CMakeTmp

Run Build Command(s):/usr/bin/gmake cmTC_3ace3/fast && /usr/bin/gmake -f CMakeFiles/cmTC_3ace3.dir/build.make CMakeFiles/cmTC_3ace3.dir/build
gmake[1]: Entering directory '/home/samuel/software/GitHub/g4-tutorials/build/CMakeFiles/CMakeTmp'
Building C object CMakeFiles/cmTC_3ace3.dir/src.c.o
/usr/bin/cc   -DCMAKE_HAVE_LIBC_PTHREAD   -o CMakeFiles/cmTC_3ace3.dir/src.c.o   -c /home/samuel/software/GitHub/g4-tutorials/build/CMakeFiles/CMakeTmp/src.c
Linking C executable cmTC_3ace3
/usr/bin/cmake -E cmake_link_script CMakeFiles/cmTC_3ace3.dir/link.txt --verbose=1
/usr/bin/cc  -DCMAKE_HAVE_LIBC_PTHREAD    CMakeFiles/cmTC_3ace3.dir/src.c.o  -o cmTC_3ace3 
/usr/bin/ld: CMakeFiles/cmTC_3ace3.dir/src.c.o: in function `main':
src.c:(.text+0x46): undefined reference to `pthread_create'
/usr/bin/ld: src.c:(.text+0x52): undefined reference to `pthread_detach'
/usr/bin/ld: src.c:(.text+0x63): undefined reference to `pthread_join'
collect2: error: ld returned 1 exit status
gmake[1]: *** [CMakeFiles/cmTC_3ace3.dir/build.make:87: cmTC_3ace3] Error 1
gmake[1]: Leaving directory '/home/samuel/software/GitHub/g4-tutorials/build/CMakeFiles/CMakeTmp'
gmake: *** [Makefile:121: cmTC_3ace3/fast] Error 2


Source file was:
#include <pthread.h>

void* test_func(void* data)
{
  return data;
}

int main(void)
{
  pthread_t thread;
  pthread_create(&thread, NULL, test_func, NULL);
  pthread_detach(thread);
  pthread_join(thread, NULL);
  pthread_atfork(NULL, NULL, NULL);
  pthread_exit(NULL);

  return 0;
}

